[	24-08-2019 07:56:03	] [BAN ACTION] A new ban record has been added. Player: 'Coffin' was banned by 'Avilchiis' for 'Anti rol' until '01.01.3000 00:00:00' (forever).
[	25-08-2019 01:45:25	] [BAN ACTION] A new ban record has been added. Player: 'GAMERASDF' was banned by 'Avilchiis' for 'Hacks... si es error reportate en Discord.' until '01.01.3000 00:00:00' (forever).
[	25-08-2019 01:52:26	] [BAN ACTION] The following ban record has been removed (player unbanned). [Player: GAMERASDF was banned by Avilchiis for Hacks... si es error reportate en Discord. until 01.01.3000 00:00:00.]
[	26-08-2019 04:10:45	] [BAN ACTION] A new ban record has been added. Player: 'TiziOliva_61' was banned by 'Avilchiis' for 'No puedes hacer carkill, leete las reglas.' until '01.01.3000 00:00:00' (forever).
[	26-08-2019 04:12:07	] [BAN ACTION] A new ban record has been added. Player: 'Diosito Borges' was banned by 'Avilchiis' for 'Por tener PC toda culera y ser pobre' until '01.01.3000 00:00:00' (forever).
[	27-08-2019 03:13:56	] [KICK ACTION] Player: Avilchiis has kicked: Gryphus for: You have been kicked. Reason: El server estara cerrado por hoy por unos cuantos bugs. Disculpa la molestia.
[	27-08-2019 03:14:20	] [KICK ACTION] Player: Avilchiis has kicked: chig1095 for: You have been kicked. Reason: El server esta cerrado todo el dia de hoy para corregir unos bugs, mañana sigue normal.
[	27-08-2019 03:15:48	] [KICK ACTION] Player: Avilchiis has kicked: chig1095 for: You have been kicked. Reason: Servidor cerrado, revisar Discord para mas info..
[	27-08-2019 03:16:02	] [KICK ACTION] Player: Avilchiis has kicked: RedFury for: You have been kicked. Reason: Servidor cerrado. Revisar Discord para mas infoo.
[	01-11-2019 19:23:53	] [KICK ACTION] Player: Avilchiis has kicked: 50SombrasDePandiwiss for: You have been kicked. Reason: Por faltar el respeto al staff - atte Luhnia.
[	02-11-2019 00:08:57	] [KICK ACTION] Player: SonWaam has kicked: 😈😈Lycifer KLK😈😈 for: You have been kicked. Reason: Ten mas respeto al staff Att Lunhia.
[	27-12-2019 23:42:37	] [BAN ACTION] A new ban record has been added. Player: 'BriianS' was banned by 'Avilchiis' for 'Por hacer Carkill :)' until '1/1/3000 12:00:00 AM' (forever).
[	27-12-2019 23:42:44	] [BAN ACTION] A new ban record has been added. Player: 'InvalidPlayerName' was banned by '75zrd7' for 'Antirol, gracias por cooperar a la comunidad LATAM.' until '1/1/3000 12:00:00 AM' (forever).
[	27-12-2019 23:43:25	] [BAN ACTION] A new ban record has been added. Player: 'raulva125677' was banned by '75zrd7' for 'Antirol, gracias por tu cooperacion a mejorar el rol en LATAM.' until '1/1/3000 12:00:00 AM' (forever).
[	27-12-2019 23:43:40	] [BAN ACTION] A new ban record has been added. Player: 'InvalidPlayerName' was banned by 'Avilchiis' for 'Banned by staff.' until '1/1/3000 12:00:00 AM' (forever).
[	09-01-2020 22:42:47	] [KICK ACTION] Player: TrendyTV has kicked: kennise_champion for: You have been kicked. Reason: Estar AFK.
[	24-01-2020 04:12:50	] [KICK ACTION] Player: CRUZ has kicked: JonyOrtonMX for: You have been kicked. Reason: Deje de estar afk farmeando dinero .
[	06-02-2020 20:38:02	] [KICK ACTION] Player: elvowe_TTV has kicked: MrDisamoy for: You have been kicked. Reason: ..
[	07-02-2020 04:28:36	] [BAN ACTION] A new ban record has been added. Player: 'Twitch.tv/ihancoll' was banned by 'elvowe_TTV' for 'Banned by staff. Troll.' until '1/1/3000 12:00:00 AM' (forever).
[	09-02-2020 00:36:11	] [KICK ACTION] Player: elvowe_TTV has kicked:  for: You have been kicked. Reason: ..
[	10-02-2020 03:23:41	] [KICK ACTION] Player: elvowe_TTV has kicked: gamer007lol2003 for: You have been kicked. Reason: Deja de Spamear el OOC, la proxima es un Warning..
[	10-02-2020 06:14:26	] [BAN ACTION] A new ban record has been added. Player: 'far' was banned by 'elvowe_TTV' for 'Baneado por Stream Sniping, Robar auto de policia.' until '2/18/2020 2:14:26 PM'.
[	10-02-2020 06:19:50	] [KICK ACTION] Player: elvowe_TTV has kicked: lineas_nefastas for: You have been kicked. Reason: Anti rol, no valorar tu vida y stream sniping, a la proxima sera un ban permanente..
[	10-02-2020 06:44:27	] [KICK ACTION] Player: elvowe_TTV has kicked: Fiesta Weed for: You have been kicked. Reason: relogea que estas bug.
[	11-02-2020 07:55:56	] [BAN ACTION] A new ban record has been added. Player: 'DH' was banned by 'elvowe_TTV' for 'Banned by staff. CarKill y DeathMatch, vaya a XtremeLevel papi' until '1/1/3000 12:00:00 AM' (forever).
[	11-02-2020 08:29:41	] [BAN ACTION] A new ban record has been added. Player: 'Teo' was banned by 'elvowe_TTV' for 'Banned by staff.' until '1/1/3000 12:00:00 AM' (forever).
[	11-02-2020 12:02:28	] [BAN ACTION] A new ban record has been added. Player: 'Thano' was banned by 'elvowe_TTV' for 'Banned by staff. Stream Sniping' until '3/7/2020 12:02:28 PM'.
[	11-02-2020 21:00:34	] [BAN ACTION] A new ban record has been added. Player: 'InvalidPlayerName' was banned by 'elvowe_TTV' for 'Banned by staff.' until '1/1/3000 12:00:00 AM' (forever).
[	11-02-2020 21:01:00	] [BAN ACTION] A new ban record has been added. Player: 'InvalidPlayerName' was banned by 'elvowe_TTV' for 'Banned by staff.' until '1/1/3000 12:00:00 AM' (forever).
[	11-02-2020 21:02:09	] [BAN ACTION] A new ban record has been added. Player: 'InvalidPlayerName' was banned by 'elvowe_TTV' for 'Banned by staff.' until '1/1/3000 12:00:00 AM' (forever).
[	11-02-2020 21:02:15	] [BAN ACTION] A new ban record has been added. Player: 'InvalidPlayerName' was banned by 'elvowe_TTV' for 'Banned by staff.' until '2/11/2020 10:32:15 PM'.
[	11-02-2020 21:02:31	] [BAN ACTION] A new ban record has been added. Player: 'InvalidPlayerName' was banned by 'elvowe_TTV' for 'Banned by staff.' until '1/1/3000 12:00:00 AM' (forever).
[	11-02-2020 22:48:44	] [KICK ACTION] Player: elvowe_TTV has kicked: Retired for: You have been kicked. Reason: relogea pero cierra fivem.
[	11-02-2020 23:59:36	] [BAN ACTION] A new ban record has been added. Player: 'Soccer Mom' was banned by 'elvowe_TTV' for 'Banned by staff. Anda a trolear en otro server.' until '3/12/2020 11:59:36 PM'.
[	12-02-2020 17:30:07	] [KICK ACTION] Player: elvowe_TTV has kicked: Gabito for: You have been kicked. Reason: Reinicia Fivem.
[	12-02-2020 22:51:49	] [KICK ACTION] Player: elvowe_TTV has kicked: M for: You have been kicked. Reason: vuelve en 5 mins.
[	13-02-2020 09:44:26	] [KICK ACTION] Player: elvowe_TTV has kicked: Francior for: You have been kicked. Reason: Valora tu vida, deberias quedarte en el piso y esperar ambulancia..
[	13-02-2020 11:10:03	] [BAN ACTION] A new ban record has been added. Player: 'InvalidPlayerName' was banned by 'elvowe_TTV' for 'Baneado por Pingu, perdiste todo, pagame 300$ y te desbaneo, viva la pinche MG15 we' until '2/13/2020 9:10:03 PM'.
[	13-02-2020 11:11:36	] [BAN ACTION] A new ban record has been added. Player: 'iFali D Kim' was banned by 'elvowe_TTV' for 'Baneado por Pingu, anti rol y soy 100$ legal, pagame 300$ y te desbaneo, viva la pinche MG15 haran exitoso mi servidor' until '2/13/2020 12:11:36 PM'.
[	13-02-2020 11:12:01	] [BAN ACTION] The following ban record has been removed (player unbanned). [Player: iFali D Kim was banned by elvowe_TTV for Baneado por Pingu, anti rol y soy 100$ legal, pagame 300$ y te desbaneo, viva la pinche MG15 haran exitoso mi servidor until 2/13/2020 12:11:36 PM.]
[	13-02-2020 13:05:37	] [KICK ACTION] Player: elvowe_TTV has kicked: Gabito for: You have been kicked. Reason: Deja de hacer PG alzando caballitos por todos lados. Maneja normal.
[	13-02-2020 13:34:26	] [BAN ACTION] The following ban record has been removed (player unbanned). [Player: InvalidPlayerName was banned by elvowe_TTV for Baneado por Pingu, perdiste todo, pagame 300$ y te desbaneo, viva la pinche MG15 we until 2/13/2020 9:10:03 PM.]
[	13-02-2020 16:55:20	] [BAN ACTION] The following ban record has been removed (player unbanned). [Player: Soccer Mom was banned by elvowe_TTV for Banned by staff. Anda a trolear en otro server. until 3/12/2020 11:59:36 PM.]
[	14-02-2020 06:51:16	] [KICK ACTION] Player: elvowe_TTV has kicked: Reen for: You have been kicked. Reason: Reinicia rey.
[	14-02-2020 07:17:17	] [BAN ACTION] A new ban record has been added. Player: 'InvalidPlayerName' was banned by 'elvowe_TTV' for 'Ya no hay mas chance, no valorar la vida, Anti rol.' until '1/1/3000 12:00:00 AM' (forever).
[	14-02-2020 07:21:02	] [BAN ACTION] A new ban record has been added. Player: 'LakraPloy' was banned by 'elvowe_TTV' for 'No valorar la vida ni hacer caso a alguien que te apunta con el arma, ya este es el segundo Ban, al tercero es definitivo.' until '2/21/2020 7:21:02 AM'.
[	14-02-2020 07:22:49	] [BAN ACTION] The following ban record has been removed (player unbanned). [Player: InvalidPlayerName was banned by elvowe_TTV for Ya no hay mas chance, no valorar la vida, Anti rol. until 1/1/3000 12:00:00 AM.]
[	14-02-2020 07:25:35	] [BAN ACTION] A new ban record has been added. Player: 'InvalidPlayerName' was banned by 'elvowe_TTV' for 'Anti rol, no hacer caso a alguien que te apunta, no valorar tu vida, troleando.' until '2/21/2020 7:25:35 AM'.
[	14-02-2020 10:25:23	] [KICK ACTION] Player: elvowe_TTV has kicked: DashiroF for: You have been kicked. Reason: afk.
[	16-02-2020 04:45:14	] [KICK ACTION] Player: elvowe_TTV has kicked: Zaiid08 for: You have been kicked. Reason: vere a la verga.
[	18-02-2020 06:11:02	] [BAN ACTION] A new ban record has been added. Player: 'OFILIUX' was banned by 'KaysaGG' for 'Banned by Kaysa: Usar el twitter muerto y para cuestiones OOC.' until '2/19/2020 6:11:02 AM'.
[	18-02-2020 06:20:34	] [BAN ACTION] The following ban record has been removed (player unbanned). [Player: OFILIUX was banned by KaysaGG for Banned by Kaysa: Usar el twitter muerto y para cuestiones OOC. until 2/19/2020 6:11:02 AM.]
[	18-02-2020 07:07:37	] [BAN ACTION] A new ban record has been added. Player: 'tripleK' was banned by 'KaysaGG' for 'Banned by Kaysa. Insultar por OOC a alguien en un reporte. Las faltas de respeto no son aceptadas en el servidor.' until '2/19/2020 7:07:37 AM'.
[	18-02-2020 09:19:24	] [KICK ACTION] Player: WoLf has kicked: OKy for: You have been kicked. Reason: Acto ilicito en suna segura, Garage A.
[	18-02-2020 20:48:03	] [KICK ACTION] Player: elvowe_TTV has kicked: Franceschi l9l for: You have been kicked. Reason: quedarse afk en el estacionamiento, no lo hagas rey.
[	19-02-2020 08:03:27	] [BAN ACTION] The following ban record has been removed (player unbanned). The player has been unbanned because their ban duration expired. [Player: tripleK was banned by KaysaGG for Banned by Kaysa. Insultar por OOC a alguien en un reporte. Las faltas de respeto no son aceptadas en el servidor. until 2/19/2020 7:07:37 AM.]
[	20-02-2020 03:14:20	] [BAN ACTION] A new ban record has been added. Player: 'John Lennon' was banned by 'WoLf' for 'Banned by evasion de rol y no valoracion de vida ' until '2/20/2020 4:44:20 AM'.
[	20-02-2020 03:52:43	] [KICK ACTION] Player: KaysaGG has kicked: ricardo2111sx for: You have been kicked. Reason: Por permanecer AFK demasiado tiempo..
[	22-02-2020 06:45:04	] [BAN ACTION] The following ban record has been removed (player unbanned). The player has been unbanned because their ban duration expired. [Player: John Lennon was banned by WoLf for Banned by evasion de rol y no valoracion de vida  until 2/20/2020 4:44:20 AM.]
[	22-02-2020 21:35:29	] [BAN ACTION] The following ban record has been removed (player unbanned). The player has been unbanned because their ban duration expired. [Player: LakraPloy was banned by elvowe_TTV for No valorar la vida ni hacer caso a alguien que te apunta con el arma, ya este es el segundo Ban, al tercero es definitivo. until 2/21/2020 7:21:02 AM.]
[	23-02-2020 04:42:30	] [KICK ACTION] Player: elvowe_TTV has kicked: GOOD BLESSS for: You have been kicked. Reason: relogea estas bug.
[	24-02-2020 01:53:26	] [KICK ACTION] Player: elvowe_TTV has kicked: andrea for: You have been kicked. Reason: relogea estas bug.
[	25-02-2020 23:53:26	] [KICK ACTION] Player: elvowe_TTV has kicked: TheLordIsaias for: You have been kicked. Reason: estas bug relogea.
[	26-02-2020 01:43:45	] [KICK ACTION] Player: TrendyTV has kicked: banaa for: You have been kicked. Reason: AFK.
[	27-02-2020 03:33:35	] [BAN ACTION] A new ban record has been added. Player: 'Menorcito' was banned by 'KaysaGG' for 'Banned by Kaysa. Razón: Hacer metagaming, mirando Twitch y haciendolo pasar por una telenovela.' until '3/1/2020 3:33:35 AM'.
[	28-02-2020 03:52:56	] [KICK ACTION] Player: elvowe_TTV has kicked: Galu for: You have been kicked. Reason: relogea estas bug.
[	28-02-2020 05:12:45	] [BAN ACTION] The following ban record has been removed (player unbanned). [Player: Menorcito was banned by KaysaGG for Banned by Kaysa. Razón: Hacer metagaming, mirando Twitch y haciendolo pasar por una telenovela. until 3/1/2020 3:33:35 AM.]
[	01-03-2020 01:42:26	] [KICK ACTION] Player: Rodri43 has kicked: Mysthic for: You have been kicked. Reason: vas a rolear en serio o seguir haciendo cualquier cosa?.
[	02-03-2020 01:26:41	] [KICK ACTION] Player: elvowe_TTV has kicked: Ghinks for: You have been kicked. Reason: vuelve a entrar para solucionar esto o es un warning..
[	02-03-2020 12:45:22	] [KICK ACTION] Player: dovuxlife has kicked: carlosplux for: You have been kicked. Reason: vuelve en 5.
[	02-03-2020 12:45:28	] [KICK ACTION] Player: dovuxlife has kicked: iñaki for: You have been kicked. Reason: vuelve en 5.
[	04-03-2020 02:11:47	] [BAN ACTION] A new ban record has been added. Player: 'haratadara' was banned by 'Rodri43' for '24 hs de ban. no sigue rol despues de reinicio, antirol, no valora su vida, no respeta zona segura y se desconecta cuando lo arrestan.' until '3/5/2020 2:11:47 AM'.
[	04-03-2020 02:23:02	] [BAN ACTION] The following ban record has been removed (player unbanned). [Player: haratadara was banned by Rodri43 for 24 hs de ban. no sigue rol despues de reinicio, antirol, no valora su vida, no respeta zona segura y se desconecta cuando lo arrestan. until 3/5/2020 2:11:47 AM.]
[	04-03-2020 15:59:59	] [KICK ACTION] Player: dovuxlife has kicked: Santouro for: You have been kicked. Reason: 1.
[	04-03-2020 16:00:04	] [KICK ACTION] Player: dovuxlife has kicked: MikHawk13 for: You have been kicked. Reason: reset.
[	04-03-2020 16:00:08	] [KICK ACTION] Player: dovuxlife has kicked: BOT Onix for: You have been kicked. Reason: reset.
[	04-03-2020 19:59:52	] [KICK ACTION] Player: elvowe_TTV has kicked:  for: You have been kicked. Reason: reset.
[	04-03-2020 19:59:58	] [KICK ACTION] Player: elvowe_TTV has kicked: sopadobanana for: You have been kicked. Reason: reset.
[	04-03-2020 20:00:04	] [KICK ACTION] Player: elvowe_TTV has kicked: zPsico: for: You have been kicked. Reason: reset.
[	05-03-2020 08:04:19	] [KICK ACTION] Player: elvowe_TTV has kicked: Kim D iFali for: You have been kicked. Reason: te amo.
[	05-03-2020 08:04:35	] [KICK ACTION] Player: elvowe_TTV has kicked: iFali D Kim for: You have been kicked. Reason: te amo.
[	05-03-2020 23:26:17	] [KICK ACTION] Player: dovuxlife has kicked: Gambaruby Kurosawa for: You have been kicked. Reason: reset.
[	05-03-2020 23:26:22	] [KICK ACTION] Player: dovuxlife has kicked: roba for: You have been kicked. Reason: reset.
[	05-03-2020 23:26:26	] [KICK ACTION] Player: dovuxlife has kicked: Galu for: You have been kicked. Reason: reset.
[	06-03-2020 09:15:42	] [KICK ACTION] Player: dovuxlife has kicked: iFali D Kim for: You have been kicked. Reason: dilo.
[	07-03-2020 02:54:27	] [KICK ACTION] Player: elvowe_TTV has kicked: Keev for: You have been kicked. Reason: rede.
[	07-03-2020 02:54:31	] [KICK ACTION] Player: elvowe_TTV has kicked: Franceschi l9l for: You have been kicked. Reason: sfs.
[	07-03-2020 02:54:34	] [KICK ACTION] Player: elvowe_TTV has kicked: LulehTV for: You have been kicked. Reason: sdfsdf.
[	08-03-2020 02:16:13	] [KICK ACTION] Player: elvowe_TTV has kicked: ERGYPSYKING for: You have been kicked. Reason: reset.
[	08-03-2020 02:16:17	] [KICK ACTION] Player: elvowe_TTV has kicked: Truzzmann. for: You have been kicked. Reason: reset.
[	08-03-2020 02:16:21	] [KICK ACTION] Player: elvowe_TTV has kicked: lil cuca for: You have been kicked. Reason: reset.
[	08-03-2020 02:16:25	] [KICK ACTION] Player: elvowe_TTV has kicked: catu for: You have been kicked. Reason: reset.
[	08-03-2020 02:16:31	] [KICK ACTION] Player: elvowe_TTV has kicked: SalvajeARG for: You have been kicked. Reason: reset.
[	08-03-2020 02:16:35	] [KICK ACTION] Player: elvowe_TTV has kicked: Bowie for: You have been kicked. Reason: reset.
[	08-03-2020 02:16:40	] [KICK ACTION] Player: elvowe_TTV has kicked: Franceschi l9l for: You have been kicked. Reason: reset.
[	08-03-2020 03:35:50	] [KICK ACTION] Player: Rodri43 has kicked: Huevito Rey for: You have been kicked. Reason: basta de hacer car kill.
[	08-03-2020 03:38:23	] [KICK ACTION] Player: Rodri43 has kicked: LaNiña ◉ for: You have been kicked. Reason: no hagas car kill.
[	08-03-2020 04:17:41	] [KICK ACTION] Player: Rodri43 has kicked: vicio_13 for: You have been kicked. Reason: deja de hcaer car kill.
[	09-03-2020 19:38:23	] [BAN ACTION] The following ban record has been removed (player unbanned). The player has been unbanned because their ban duration expired. [Player: InvalidPlayerName was banned by elvowe_TTV for Anti rol, no hacer caso a alguien que te apunta, no valorar tu vida, troleando. until 2/21/2020 7:25:35 AM.]
[	10-03-2020 01:00:34	] [KICK ACTION] Player: dovuxlife has kicked: odin9535 for: You have been kicked. Reason: reset.
[	10-03-2020 01:00:39	] [KICK ACTION] Player: dovuxlife has kicked: - ^5Glitch 404 for: You have been kicked. Reason: reset.
[	10-03-2020 01:00:44	] [KICK ACTION] Player: dovuxlife has kicked: Teffycor3 for: You have been kicked. Reason: reset.
[	10-03-2020 01:00:49	] [KICK ACTION] Player: dovuxlife has kicked: juliogonzales3265 for: You have been kicked. Reason: reset.
[	10-03-2020 01:00:53	] [KICK ACTION] Player: dovuxlife has kicked:  for: You have been kicked. Reason: reset.
[	10-03-2020 08:54:56	] [KICK ACTION] Player: dovuxlife has kicked: Lukitas for: You have been kicked. Reason: lee las reglas y respeta..
[	11-03-2020 01:00:48	] [KICK ACTION] Player: elvowe_TTV has kicked: Santouro for: You have been kicked. Reason: reset.
[	11-03-2020 01:00:52	] [KICK ACTION] Player: elvowe_TTV has kicked: PONQUE for: You have been kicked. Reason: reset.
[	11-03-2020 04:04:55	] [BAN ACTION] A new ban record has been added. Player: 'Andrew' was banned by 'Rodri43' for 'Banned by staff' until '4/10/2020 4:04:55 AM'.
[	11-03-2020 04:14:23	] [BAN ACTION] The following ban record has been removed (player unbanned). [Player: Andrew was banned by Rodri43 for Banned by staff until 4/10/2020 4:04:55 AM.]
[	15-03-2020 00:40:17	] [KICK ACTION] Player: KaysaGG has kicked: Aledis for: You have been kicked. Reason: Sniping.
[	15-03-2020 00:41:05	] [KICK ACTION] Player: KaysaGG has kicked: Mysthic for: You have been kicked. Reason: Stream Sniping.
[	15-03-2020 18:52:33	] [KICK ACTION] Player: KaysaGG has kicked: Aledis for: You have been kicked. Reason: Criticar roles ajenos..
[	16-03-2020 05:51:38	] [KICK ACTION] Player: elvowe_TTV has kicked: Mysthic for: You have been kicked. Reason: no..
[	17-03-2020 00:07:59	] [BAN ACTION] A new ban record has been added. Player: 'kabetovine' was banned by 'elvowe_TTV' for 'test kabeto' until '3/17/2020 1:37:59 AM'.
[	17-03-2020 00:08:23	] [BAN ACTION] The following ban record has been removed (player unbanned). [Player: kabetovine was banned by elvowe_TTV for test kabeto until 3/17/2020 1:37:59 AM.]
[	17-03-2020 04:36:29	] [KICK ACTION] Player: TrendyTV has kicked: kDabrA for: You have been kicked. Reason: Te veo con skin de Michael en la isla bug.
[	17-03-2020 09:24:27	] [KICK ACTION] Player: KaysaGG has kicked: WoLf for: You have been kicked. Reason: Uso de vehiculos estatales..
[	21-03-2020 08:31:32	] [KICK ACTION] Player: KaysaGG has kicked: juliogonzales3265 for: You have been kicked. Reason: Abandonar vehiculos rotos en lugar de llamar a un mecanico. Primer advertencia..
[	22-03-2020 03:24:16	] [BAN ACTION] A new ban record has been added. Player: 'GabeeTTV' was banned by 'Rodri43' for 'ban 24 hs por antirolear y no valorar la vida, pegando golpes cuando estan apuntando con un arma' until '3/23/2020 3:24:16 AM'.
[	22-03-2020 14:04:39	] [KICK ACTION] Player: elvowe_TTV has kicked: Seninguen for: You have been kicked. Reason: reset.
[	22-03-2020 14:04:44	] [KICK ACTION] Player: elvowe_TTV has kicked: Tr0sx for: You have been kicked. Reason: reset.
[	22-03-2020 14:04:49	] [KICK ACTION] Player: elvowe_TTV has kicked: Morrigan89 for: You have been kicked. Reason: reset.
[	22-03-2020 14:04:53	] [KICK ACTION] Player: elvowe_TTV has kicked:  for: You have been kicked. Reason: reset.
[	22-03-2020 14:04:57	] [KICK ACTION] Player: elvowe_TTV has kicked: KQ for: You have been kicked. Reason: reset.
[	22-03-2020 14:05:01	] [KICK ACTION] Player: elvowe_TTV has kicked:  for: You have been kicked. Reason: reset.
[	22-03-2020 14:05:05	] [KICK ACTION] Player: elvowe_TTV has kicked: Na Hue for: You have been kicked. Reason: reset GAY.
[	22-03-2020 14:05:11	] [KICK ACTION] Player: elvowe_TTV has kicked: SirTauro for: You have been kicked. Reason: reset.
[	22-03-2020 14:05:16	] [KICK ACTION] Player: elvowe_TTV has kicked: fernandahXD for: You have been kicked. Reason: reset uwur.
[	22-03-2020 14:05:21	] [KICK ACTION] Player: elvowe_TTV has kicked: RIP_Tomy for: You have been kicked. Reason: reset.
[	22-03-2020 14:05:25	] [KICK ACTION] Player: elvowe_TTV has kicked: SirTata for: You have been kicked. Reason: reset.
[	22-03-2020 14:27:38	] [KICK ACTION] Player: elvowe_TTV has kicked: Lukitas for: You have been kicked. Reason: reset ni;o virgen.
[	22-03-2020 14:27:43	] [KICK ACTION] Player: elvowe_TTV has kicked: KQ for: You have been kicked. Reason: reset.
[	22-03-2020 14:27:48	] [KICK ACTION] Player: elvowe_TTV has kicked:  for: You have been kicked. Reason: reset.
[	23-03-2020 04:53:29	] [BAN ACTION] The following ban record has been removed (player unbanned). The player has been unbanned because their ban duration expired. [Player: GabeeTTV was banned by Rodri43 for ban 24 hs por antirolear y no valorar la vida, pegando golpes cuando estan apuntando con un arma until 3/23/2020 3:24:16 AM.]
[	23-03-2020 14:37:20	] [KICK ACTION] Player: KaysaGG has kicked: iñaki for: You have been kicked. Reason: AFK Farming.
[	23-03-2020 18:59:24	] [KICK ACTION] Player: elvowe_TTV has kicked: juanmaini for: You have been kicked. Reason: reset.
[	23-03-2020 18:59:29	] [KICK ACTION] Player: elvowe_TTV has kicked: Rothson for: You have been kicked. Reason: reset.
[	23-03-2020 18:59:37	] [KICK ACTION] Player: elvowe_TTV has kicked: SantiagoEngla for: You have been kicked. Reason: reset.
[	23-03-2020 18:59:41	] [KICK ACTION] Player: elvowe_TTV has kicked: EmpanadaDeMerluza for: You have been kicked. Reason: reset.
[	23-03-2020 18:59:44	] [KICK ACTION] Player: elvowe_TTV has kicked: carlosbilardo for: You have been kicked. Reason: reset.
[	23-03-2020 18:59:48	] [KICK ACTION] Player: elvowe_TTV has kicked: Nachooocs-iwnl- for: You have been kicked. Reason: reset.
[	23-03-2020 18:59:52	] [KICK ACTION] Player: elvowe_TTV has kicked: que miras gil for: You have been kicked. Reason: reset gay.
[	23-03-2020 18:59:56	] [KICK ACTION] Player: elvowe_TTV has kicked: Luke for: You have been kicked. Reason: reset.
[	23-03-2020 18:59:59	] [KICK ACTION] Player: elvowe_TTV has kicked: XSonyStoneX for: You have been kicked. Reason: reset.
[	23-03-2020 19:10:51	] [KICK ACTION] Player: elvowe_TTV has kicked: que miras gil for: You have been kicked. Reason: dale.
[	25-03-2020 11:41:58	] [KICK ACTION] Player: KaysaGG has kicked: fernandahXD for: You have been kicked. Reason: Forzar rol..
[	25-03-2020 12:20:03	] [BAN ACTION] A new ban record has been added. Player: 'D O B B Y' was banned by 'Minkja15' for 'Baneado por pendejo' until '1/1/3000 12:00:00 AM' (forever).
[	25-03-2020 12:21:52	] [BAN ACTION] A new ban record has been added. Player: 'Dexteriano' was banned by 'Minkja15' for 'Banned by staff.' until '1/1/3000 12:00:00 AM' (forever).
[	25-03-2020 14:10:27	] [KICK ACTION] Player: dovuxlife has kicked: fernandahXD for: You have been kicked. Reason: reset.
[	25-03-2020 14:10:32	] [KICK ACTION] Player: dovuxlife has kicked: Luke for: You have been kicked. Reason: reset.
[	25-03-2020 14:10:36	] [KICK ACTION] Player: dovuxlife has kicked: ZioduXX for: You have been kicked. Reason: reset.
[	25-03-2020 14:10:40	] [KICK ACTION] Player: dovuxlife has kicked: BananaStyle for: You have been kicked. Reason: reset.
[	25-03-2020 14:10:45	] [KICK ACTION] Player: dovuxlife has kicked: EmpanadaDeMerluza for: You have been kicked. Reason: reset.
[	25-03-2020 14:44:23	] [KICK ACTION] Player: elvowe_TTV has kicked: Brunxe for: You have been kicked. Reason: por ahora no entres, andamos en mantenimiento.
[	25-03-2020 17:30:12	] [KICK ACTION] Player: Minkja15 has kicked: Deus_Moon for: You have been kicked. Reason: AFK.
[	27-03-2020 04:50:21	] [KICK ACTION] Player: Minkja15 has kicked: iTz Sonicツ for: You have been kicked. Reason: ..
[	27-03-2020 09:52:00	] [KICK ACTION] Player: elvowe_TTV has kicked: Gauchomoderno for: You have been kicked. Reason: reset.
[	27-03-2020 09:52:05	] [KICK ACTION] Player: elvowe_TTV has kicked: elmiilloR for: You have been kicked. Reason: reset.
[	27-03-2020 09:52:09	] [KICK ACTION] Player: elvowe_TTV has kicked: Kimberli for: You have been kicked. Reason: reset.
[	27-03-2020 09:52:13	] [KICK ACTION] Player: elvowe_TTV has kicked: peladohacker for: You have been kicked. Reason: reset.
[	28-03-2020 11:01:32	] [KICK ACTION] Player: elvowe_TTV has kicked: Twitch IvoXxX for: You have been kicked. Reason: reset.
[	28-03-2020 11:01:37	] [KICK ACTION] Player: elvowe_TTV has kicked:  for: You have been kicked. Reason: reset.
[	28-03-2020 11:01:41	] [KICK ACTION] Player: elvowe_TTV has kicked: DeanWinchester for: You have been kicked. Reason: reset.
[	28-03-2020 11:01:55	] [KICK ACTION] Player: elvowe_TTV has kicked: BananaStyle for: You have been kicked. Reason: reset.
[	28-03-2020 11:01:59	] [KICK ACTION] Player: elvowe_TTV has kicked: SantiagoEngla for: You have been kicked. Reason: reset.
[	28-03-2020 11:02:03	] [KICK ACTION] Player: elvowe_TTV has kicked: sopadobanana for: You have been kicked. Reason: reset.
[	28-03-2020 11:02:07	] [KICK ACTION] Player: elvowe_TTV has kicked: Arguello for: You have been kicked. Reason: reset.
[	28-03-2020 11:02:12	] [KICK ACTION] Player: elvowe_TTV has kicked: Luke for: You have been kicked. Reason: reset.
[	28-03-2020 11:02:16	] [KICK ACTION] Player: elvowe_TTV has kicked: Srta. Vodka for: You have been kicked. Reason: reset.
[	28-03-2020 11:02:19	] [KICK ACTION] Player: elvowe_TTV has kicked: Piccolo for: You have been kicked. Reason: reset.
[	28-03-2020 11:02:23	] [KICK ACTION] Player: elvowe_TTV has kicked: lil cuca for: You have been kicked. Reason: reset.
[	28-03-2020 11:02:26	] [KICK ACTION] Player: elvowe_TTV has kicked: LulehTV for: You have been kicked. Reason: reset.
[	28-03-2020 11:02:30	] [KICK ACTION] Player: elvowe_TTV has kicked: Tr0sx for: You have been kicked. Reason: reset.
[	28-03-2020 11:02:36	] [KICK ACTION] Player: elvowe_TTV has kicked: Menorcito for: You have been kicked. Reason: reset.
[	29-03-2020 10:01:38	] [KICK ACTION] Player: elvowe_TTV has kicked: Lukitas for: You have been kicked. Reason: reset.
[	29-03-2020 10:01:43	] [KICK ACTION] Player: elvowe_TTV has kicked: 9z Renzokabj for: You have been kicked. Reason: reset.
[	29-03-2020 10:01:46	] [KICK ACTION] Player: elvowe_TTV has kicked: Duxon. for: You have been kicked. Reason: reset.
[	29-03-2020 10:01:54	] [KICK ACTION] Player: elvowe_TTV has kicked: Agushmar for: You have been kicked. Reason: 1.
[	29-03-2020 10:01:57	] [KICK ACTION] Player: elvowe_TTV has kicked: DeanWinchester for: You have been kicked. Reason: 1.
[	29-03-2020 10:02:01	] [KICK ACTION] Player: elvowe_TTV has kicked: kh0ury for: You have been kicked. Reason: t.
[	29-03-2020 10:02:04	] [KICK ACTION] Player: elvowe_TTV has kicked: lil cuca for: You have been kicked. Reason: t.
[	30-03-2020 00:59:20	] [KICK ACTION] Player: dovuxlife has kicked: Jolbert_HH for: You have been kicked. Reason: e.
[	30-03-2020 00:59:26	] [KICK ACTION] Player: dovuxlife has kicked: Aledis for: You have been kicked. Reason: e.
[	30-03-2020 00:59:28	] [KICK ACTION] Player: dovuxlife has kicked: Lukitas for: You have been kicked. Reason: e.
[	30-03-2020 00:59:30	] [KICK ACTION] Player: dovuxlife has kicked:  for: You have been kicked. Reason: e.
[	30-03-2020 00:59:33	] [KICK ACTION] Player: dovuxlife has kicked: El Viejo RasTy for: You have been kicked. Reason: e.
[	30-03-2020 00:59:36	] [KICK ACTION] Player: dovuxlife has kicked: Deus_Moon for: You have been kicked. Reason: e.
[	30-03-2020 00:59:39	] [KICK ACTION] Player: dovuxlife has kicked: Juanka for: You have been kicked. Reason: e.
[	30-03-2020 00:59:41	] [KICK ACTION] Player: dovuxlife has kicked: Krixger for: You have been kicked. Reason: e.
[	30-03-2020 00:59:43	] [KICK ACTION] Player: dovuxlife has kicked: ™♕Leiton♪ for: You have been kicked. Reason: e.
[	30-03-2020 00:59:45	] [KICK ACTION] Player: dovuxlife has kicked: Gabito for: You have been kicked. Reason: e.
[	30-03-2020 00:59:48	] [KICK ACTION] Player: dovuxlife has kicked: Twitch IvoXxX for: You have been kicked. Reason: e.
[	30-03-2020 00:59:50	] [KICK ACTION] Player: dovuxlife has kicked: twitch.tw/becamee for: You have been kicked. Reason: e.
[	30-03-2020 00:59:54	] [KICK ACTION] Player: dovuxlife has kicked: El Pelado for: You have been kicked. Reason: e.
[	30-03-2020 00:59:57	] [KICK ACTION] Player: dovuxlife has kicked: Luke for: You have been kicked. Reason: e.
[	30-03-2020 00:59:59	] [KICK ACTION] Player: dovuxlife has kicked: ^4miledask for: You have been kicked. Reason: e.
[	30-03-2020 01:00:03	] [KICK ACTION] Player: dovuxlife has kicked: Feeck for: You have been kicked. Reason: e.
[	31-03-2020 08:31:25	] [KICK ACTION] Player: KaysaGG has kicked: BananaStyle for: You have been kicked. Reason: AFK.
[	02-04-2020 05:02:09	] [KICK ACTION] Player: elvowe_TTV has kicked: Valentindlr1 for: You have been kicked. Reason: Deja el Sniping..
[	02-04-2020 06:59:11	] [KICK ACTION] Player: elvowe_TTV has kicked: mauricio macri for: You have been kicked. Reason: arregla el micro..
[	06-04-2020 06:15:23	] [KICK ACTION] Player: KaysaGG has kicked: alegna8 for: You have been kicked. Reason: Powergaming. Caerse de un septimo piso y no rolear heridas..
[	06-04-2020 20:44:49	] [KICK ACTION] Player: elvowe_TTV has kicked: . for: You have been kicked. Reason: cambia el nombre de steam y ponte uno decente para que vuelvas a entrar.
[	10-04-2020 09:12:47	] [KICK ACTION] Player: WoLf has kicked: Vinchukkkkkkkkkkkkkkkkkkkkkkkkkk for: You have been kicked. Reason: AFK.
[	17-04-2020 10:59:20	] [KICK ACTION] Player: Minkja15 has kicked: BananaStyle for: You have been kicked. Reason: ..
[	23-04-2020 09:22:26	] [KICK ACTION] Player: SoporteDovuX has kicked: Lautahh for: You have been kicked. Reason: reset.
[	23-04-2020 09:22:44	] [KICK ACTION] Player: SoporteDovuX has kicked:  for: You have been kicked. Reason: reset.
[	23-04-2020 09:22:48	] [KICK ACTION] Player: SoporteDovuX has kicked:  for: You have been kicked. Reason: reset.
[	23-04-2020 09:22:52	] [KICK ACTION] Player: SoporteDovuX has kicked: Piccolo for: You have been kicked. Reason: reset.
[	23-04-2020 09:22:56	] [KICK ACTION] Player: SoporteDovuX has kicked: peladou for: You have been kicked. Reason: reset.
[	23-04-2020 09:23:01	] [KICK ACTION] Player: SoporteDovuX has kicked:  for: You have been kicked. Reason: reset.
[	23-04-2020 09:23:04	] [KICK ACTION] Player: SoporteDovuX has kicked:  for: You have been kicked. Reason: reset.
[	23-04-2020 09:23:10	] [KICK ACTION] Player: SoporteDovuX has kicked: Zorro for: You have been kicked. Reason: reset.
[	23-04-2020 09:23:14	] [KICK ACTION] Player: SoporteDovuX has kicked: SantiagoEngla for: You have been kicked. Reason: reset.
[	23-04-2020 09:23:17	] [KICK ACTION] Player: SoporteDovuX has kicked: lKaMaLhl for: You have been kicked. Reason: reset.
[	25-04-2020 16:05:16	] [KICK ACTION] Player: SoporteDovuX has kicked: ็ for: You have been kicked. Reason: Cambia nombre de steam, 2do aviso..
[	28-04-2020 09:52:41	] [KICK ACTION] Player: DeanWinchester has kicked: Elretutu for: You have been kicked. Reason: Deja de spamear reportes, lee las reglas por favor.
